2025-11-15 18:10:46.326 | INFO     | __src__agent__text2sql_agent:_load_schema:155 - 从数据库载入表结构信息 (限制表: 全部表).
2025-11-15 18:13:17.109 | INFO     | __src__agent__text2sql_agent:_load_schema:155 - 从数据库载入表结构信息 (限制表: 全部表).
2025-11-15 18:15:24.255 | INFO     | __src__agent__text2sql_agent:_load_schema:155 - 从数据库载入表结构信息 (限制表: 全部表).
2025-11-15 18:16:01.072 | INFO     | __src__agent__text2sql_agent:_load_schema:155 - 从数据库载入表结构信息 (限制表: 全部表).
2025-11-15 18:16:52.781 | INFO     | agent.text2sql_agent:_load_schema:155 - 从数据库载入表结构信息 (限制表: 全部表).
2025-11-15 18:18:20.399 | INFO     | __src__agent__text2sql_agent:_load_schema:155 - 从数据库载入表结构信息 (限制表: 全部表).
2025-11-15 18:19:22.449 | INFO     | __src__agent__text2sql_agent:_load_schema:182 - 从数据库载入表结构信息 (限制表: 全部表).
2025-11-15 18:19:44.215 | INFO     | __src__agent__text2sql_agent:_load_schema:182 - 从数据库载入表结构信息 (限制表: 全部表).
2025-11-15 18:20:13.376 | INFO     | __src__agent__text2sql_agent:_load_schema:182 - 从数据库载入表结构信息 (限制表: 全部表).
2025-11-15 18:20:20.708 | INFO     | __src__agent__text2sql_agent:_load_schema:182 - 从数据库载入表结构信息 (限制表: 全部表).
2025-11-15 18:21:31.686 | INFO     | __src__agent__text2sql_agent:_load_schema:196 - 从数据库载入表结构信息 (限制表: 全部表).
2025-11-15 18:21:37.489 | INFO     | __src__agent__text2sql_agent:_load_schema:197 - 从数据库载入表结构信息 (限制表: 全部表).
2025-11-15 18:22:18.148 | WARNING  | __src__agent__text2sql_agent:invoke:112 - 无法解析用户问题，使用默认提示: messages 字段格式非法。
2025-11-15 18:22:18.152 | WARNING  | __src__agent__text2sql_agent:invoke:112 - 无法解析用户问题，使用默认提示: messages 字段格式非法。
2025-11-15 18:22:19.687 | WARNING  | __src__agent__text2sql_agent:invoke:112 - 无法解析用户问题，使用默认提示: messages 字段格式非法。
2025-11-15 18:22:19.842 | WARNING  | __src__agent__text2sql_agent:invoke:112 - 无法解析用户问题，使用默认提示: messages 字段格式非法。
2025-11-15 18:22:28.275 | INFO     | __src__agent__text2sql_agent:_load_schema:197 - 从数据库载入表结构信息 (限制表: 全部表).
2025-11-15 18:22:29.183 | WARNING  | __src__agent__text2sql_agent:invoke:112 - 无法解析用户问题，使用默认提示: messages 字段格式非法。
2025-11-15 18:22:30.902 | WARNING  | __src__agent__text2sql_agent:invoke:112 - 无法解析用户问题，使用默认提示: messages 字段格式非法。
2025-11-15 18:22:30.947 | WARNING  | __src__agent__text2sql_agent:invoke:112 - 无法解析用户问题，使用默认提示: messages 字段格式非法。
2025-11-15 18:22:30.949 | WARNING  | __src__agent__text2sql_agent:invoke:112 - 无法解析用户问题，使用默认提示: messages 字段格式非法。
2025-11-15 18:22:31.745 | WARNING  | __src__agent__text2sql_agent:invoke:112 - 无法解析用户问题，使用默认提示: messages 字段格式非法。
2025-11-15 18:22:31.748 | WARNING  | __src__agent__text2sql_agent:invoke:112 - 无法解析用户问题，使用默认提示: messages 字段格式非法。
2025-11-15 18:22:31.767 | WARNING  | __src__agent__text2sql_agent:invoke:112 - 无法解析用户问题，使用默认提示: messages 字段格式非法。
2025-11-15 18:22:31.768 | WARNING  | __src__agent__text2sql_agent:invoke:112 - 无法解析用户问题，使用默认提示: messages 字段格式非法。
2025-11-15 18:22:32.734 | WARNING  | __src__agent__text2sql_agent:invoke:112 - 无法解析用户问题，使用默认提示: messages 字段格式非法。
2025-11-15 18:22:32.877 | WARNING  | __src__agent__text2sql_agent:invoke:112 - 无法解析用户问题，使用默认提示: messages 字段格式非法。
2025-11-15 18:22:32.968 | WARNING  | __src__agent__text2sql_agent:invoke:112 - 无法解析用户问题，使用默认提示: messages 字段格式非法。
2025-11-15 18:22:32.969 | WARNING  | __src__agent__text2sql_agent:invoke:112 - 无法解析用户问题，使用默认提示: messages 字段格式非法。
2025-11-15 18:22:33.386 | WARNING  | __src__agent__text2sql_agent:invoke:112 - 无法解析用户问题，使用默认提示: messages 字段格式非法。
2025-11-15 18:22:33.517 | WARNING  | __src__agent__text2sql_agent:invoke:112 - 无法解析用户问题，使用默认提示: messages 字段格式非法。
2025-11-15 18:22:35.555 | WARNING  | __src__agent__text2sql_agent:invoke:112 - 无法解析用户问题，使用默认提示: messages 字段格式非法。
2025-11-15 18:22:35.636 | WARNING  | __src__agent__text2sql_agent:invoke:112 - 无法解析用户问题，使用默认提示: messages 字段格式非法。
2025-11-15 18:22:36.087 | WARNING  | __src__agent__text2sql_agent:invoke:112 - 无法解析用户问题，使用默认提示: messages 字段格式非法。
2025-11-15 18:22:36.335 | WARNING  | __src__agent__text2sql_agent:invoke:112 - 无法解析用户问题，使用默认提示: messages 字段格式非法。
2025-11-15 18:22:36.800 | WARNING  | __src__agent__text2sql_agent:invoke:112 - 无法解析用户问题，使用默认提示: messages 字段格式非法。
2025-11-15 18:22:37.017 | WARNING  | __src__agent__text2sql_agent:invoke:112 - 无法解析用户问题，使用默认提示: messages 字段格式非法。
2025-11-15 18:22:41.046 | WARNING  | __src__agent__text2sql_agent:invoke:112 - 无法解析用户问题，使用默认提示: messages 字段格式非法。
2025-11-15 18:22:42.046 | WARNING  | __src__agent__text2sql_agent:invoke:112 - 无法解析用户问题，使用默认提示: messages 字段格式非法。
2025-11-15 18:22:42.051 | WARNING  | __src__agent__text2sql_agent:invoke:112 - 无法解析用户问题，使用默认提示: messages 字段格式非法。
2025-11-15 18:22:42.056 | WARNING  | __src__agent__text2sql_agent:invoke:112 - 无法解析用户问题，使用默认提示: messages 字段格式非法。
2025-11-15 18:22:43.048 | WARNING  | __src__agent__text2sql_agent:invoke:112 - 无法解析用户问题，使用默认提示: messages 字段格式非法。
2025-11-15 18:22:43.306 | WARNING  | __src__agent__text2sql_agent:invoke:112 - 无法解析用户问题，使用默认提示: messages 字段格式非法。
2025-11-15 18:22:50.841 | WARNING  | __src__agent__text2sql_agent:invoke:112 - 无法解析用户问题，使用默认提示: messages 字段格式非法。
2025-11-15 18:22:51.583 | WARNING  | __src__agent__text2sql_agent:invoke:112 - 无法解析用户问题，使用默认提示: messages 字段格式非法。
2025-11-15 18:22:51.616 | WARNING  | __src__agent__text2sql_agent:invoke:112 - 无法解析用户问题，使用默认提示: messages 字段格式非法。
2025-11-15 18:22:53.051 | WARNING  | __src__agent__text2sql_agent:invoke:112 - 无法解析用户问题，使用默认提示: messages 字段格式非法。
2025-11-15 18:22:53.077 | WARNING  | __src__agent__text2sql_agent:invoke:112 - 无法解析用户问题，使用默认提示: messages 字段格式非法。
2025-11-15 18:22:53.078 | WARNING  | __src__agent__text2sql_agent:invoke:112 - 无法解析用户问题，使用默认提示: messages 字段格式非法。
2025-11-15 18:22:55.026 | WARNING  | __src__agent__text2sql_agent:invoke:112 - 无法解析用户问题，使用默认提示: messages 字段格式非法。
2025-11-15 18:22:55.027 | WARNING  | __src__agent__text2sql_agent:invoke:112 - 无法解析用户问题，使用默认提示: messages 字段格式非法。
2025-11-15 18:22:55.027 | WARNING  | __src__agent__text2sql_agent:invoke:112 - 无法解析用户问题，使用默认提示: messages 字段格式非法。
2025-11-15 18:23:02.539 | INFO     | __src__agent__text2sql_agent:_load_schema:197 - 从数据库载入表结构信息 (限制表: 全部表).
2025-11-15 18:23:05.113 | WARNING  | __src__agent__text2sql_agent:invoke:112 - 无法解析用户问题，使用默认提示: messages 字段格式非法。
2025-11-15 18:23:05.177 | WARNING  | __src__agent__text2sql_agent:invoke:112 - 无法解析用户问题，使用默认提示: messages 字段格式非法。
2025-11-15 18:23:05.181 | WARNING  | __src__agent__text2sql_agent:invoke:112 - 无法解析用户问题，使用默认提示: messages 字段格式非法。
2025-11-15 18:23:05.185 | WARNING  | __src__agent__text2sql_agent:invoke:112 - 无法解析用户问题，使用默认提示: messages 字段格式非法。
2025-11-15 18:23:05.190 | WARNING  | __src__agent__text2sql_agent:invoke:112 - 无法解析用户问题，使用默认提示: messages 字段格式非法。
2025-11-15 18:23:05.212 | WARNING  | __src__agent__text2sql_agent:invoke:112 - 无法解析用户问题，使用默认提示: messages 字段格式非法。
2025-11-15 18:23:05.212 | WARNING  | __src__agent__text2sql_agent:invoke:112 - 无法解析用户问题，使用默认提示: messages 字段格式非法。
2025-11-15 18:23:06.309 | WARNING  | __src__agent__text2sql_agent:invoke:112 - 无法解析用户问题，使用默认提示: messages 字段格式非法。
2025-11-15 18:23:06.379 | WARNING  | __src__agent__text2sql_agent:invoke:112 - 无法解析用户问题，使用默认提示: messages 字段格式非法。
2025-11-15 18:23:06.424 | WARNING  | __src__agent__text2sql_agent:invoke:112 - 无法解析用户问题，使用默认提示: messages 字段格式非法。
2025-11-15 18:23:06.832 | WARNING  | __src__agent__text2sql_agent:invoke:112 - 无法解析用户问题，使用默认提示: messages 字段格式非法。
2025-11-15 18:23:07.034 | WARNING  | __src__agent__text2sql_agent:invoke:112 - 无法解析用户问题，使用默认提示: messages 字段格式非法。
2025-11-15 18:23:07.052 | WARNING  | __src__agent__text2sql_agent:invoke:112 - 无法解析用户问题，使用默认提示: messages 字段格式非法。
2025-11-15 18:23:08.915 | WARNING  | __src__agent__text2sql_agent:invoke:112 - 无法解析用户问题，使用默认提示: messages 字段格式非法。
2025-11-15 18:23:09.246 | WARNING  | __src__agent__text2sql_agent:invoke:112 - 无法解析用户问题，使用默认提示: messages 字段格式非法。
2025-11-15 18:23:09.917 | WARNING  | __src__agent__text2sql_agent:invoke:112 - 无法解析用户问题，使用默认提示: messages 字段格式非法。
2025-11-15 18:23:10.163 | WARNING  | __src__agent__text2sql_agent:invoke:112 - 无法解析用户问题，使用默认提示: messages 字段格式非法。
2025-11-15 18:23:10.488 | WARNING  | __src__agent__text2sql_agent:invoke:112 - 无法解析用户问题，使用默认提示: messages 字段格式非法。
2025-11-15 18:23:10.661 | WARNING  | __src__agent__text2sql_agent:invoke:112 - 无法解析用户问题，使用默认提示: messages 字段格式非法。
2025-11-15 18:23:14.683 | WARNING  | __src__agent__text2sql_agent:invoke:112 - 无法解析用户问题，使用默认提示: messages 字段格式非法。
2025-11-15 18:23:15.427 | WARNING  | __src__agent__text2sql_agent:invoke:112 - 无法解析用户问题，使用默认提示: messages 字段格式非法。
2025-11-15 18:23:16.320 | WARNING  | __src__agent__text2sql_agent:invoke:112 - 无法解析用户问题，使用默认提示: messages 字段格式非法。
2025-11-15 18:23:16.349 | WARNING  | __src__agent__text2sql_agent:invoke:112 - 无法解析用户问题，使用默认提示: messages 字段格式非法。
2025-11-15 18:23:17.578 | WARNING  | __src__agent__text2sql_agent:invoke:112 - 无法解析用户问题，使用默认提示: messages 字段格式非法。
2025-11-15 18:23:18.033 | WARNING  | __src__agent__text2sql_agent:invoke:112 - 无法解析用户问题，使用默认提示: messages 字段格式非法。
2025-11-15 18:23:24.505 | WARNING  | __src__agent__text2sql_agent:invoke:112 - 无法解析用户问题，使用默认提示: messages 字段格式非法。
2025-11-15 18:23:27.562 | WARNING  | __src__agent__text2sql_agent:invoke:112 - 无法解析用户问题，使用默认提示: messages 字段格式非法。
2025-11-15 18:23:27.784 | WARNING  | __src__agent__text2sql_agent:invoke:112 - 无法解析用户问题，使用默认提示: messages 字段格式非法。
2025-11-15 18:23:28.758 | WARNING  | __src__agent__text2sql_agent:invoke:112 - 无法解析用户问题，使用默认提示: messages 字段格式非法。
2025-11-15 18:23:29.768 | WARNING  | __src__agent__text2sql_agent:invoke:112 - 无法解析用户问题，使用默认提示: messages 字段格式非法。
2025-11-15 18:23:30.093 | WARNING  | __src__agent__text2sql_agent:invoke:112 - 无法解析用户问题，使用默认提示: messages 字段格式非法。
2025-11-15 18:23:39.968 | WARNING  | __src__agent__text2sql_agent:invoke:112 - 无法解析用户问题，使用默认提示: messages 字段格式非法。
2025-11-15 18:23:39.973 | WARNING  | __src__agent__text2sql_agent:invoke:112 - 无法解析用户问题，使用默认提示: messages 字段格式非法。
2025-11-15 18:23:41.299 | WARNING  | __src__agent__text2sql_agent:invoke:112 - 无法解析用户问题，使用默认提示: messages 字段格式非法。
2025-11-15 18:23:41.718 | WARNING  | __src__agent__text2sql_agent:invoke:112 - 无法解析用户问题，使用默认提示: messages 字段格式非法。
2025-11-15 18:23:43.759 | WARNING  | __src__agent__text2sql_agent:invoke:112 - 无法解析用户问题，使用默认提示: messages 字段格式非法。
2025-11-15 18:23:46.036 | WARNING  | __src__agent__text2sql_agent:invoke:112 - 无法解析用户问题，使用默认提示: messages 字段格式非法。
2025-11-15 18:23:49.050 | WARNING  | __src__agent__text2sql_agent:invoke:112 - 无法解析用户问题，使用默认提示: messages 字段格式非法。
2025-11-15 18:23:51.665 | WARNING  | __src__agent__text2sql_agent:invoke:112 - 无法解析用户问题，使用默认提示: messages 字段格式非法。
2025-11-15 18:24:02.044 | WARNING  | __src__agent__text2sql_agent:invoke:112 - 无法解析用户问题，使用默认提示: messages 字段格式非法。
2025-11-15 18:24:02.055 | INFO     | agent.text2sql_agent:_load_schema:197 - 从数据库载入表结构信息 (限制表: 全部表).
2025-11-15 18:24:04.841 | WARNING  | __src__agent__text2sql_agent:invoke:112 - 无法解析用户问题，使用默认提示: messages 字段格式非法。
2025-11-15 18:24:04.843 | WARNING  | __src__agent__text2sql_agent:invoke:112 - 无法解析用户问题，使用默认提示: messages 字段格式非法。
2025-11-15 18:24:04.846 | WARNING  | __src__agent__text2sql_agent:invoke:112 - 无法解析用户问题，使用默认提示: messages 字段格式非法。
2025-11-15 18:24:06.208 | WARNING  | __src__agent__text2sql_agent:invoke:112 - 无法解析用户问题，使用默认提示: messages 字段格式非法。
2025-11-15 18:24:07.045 | WARNING  | __src__agent__text2sql_agent:invoke:112 - 无法解析用户问题，使用默认提示: messages 字段格式非法。
2025-11-15 18:24:10.033 | WARNING  | __src__agent__text2sql_agent:invoke:112 - 无法解析用户问题，使用默认提示: messages 字段格式非法。
2025-11-15 18:24:11.068 | WARNING  | __src__agent__text2sql_agent:invoke:112 - 无法解析用户问题，使用默认提示: messages 字段格式非法。
2025-11-15 18:24:17.052 | WARNING  | __src__agent__text2sql_agent:invoke:112 - 无法解析用户问题，使用默认提示: messages 字段格式非法。
2025-11-15 18:24:19.047 | WARNING  | __src__agent__text2sql_agent:invoke:112 - 无法解析用户问题，使用默认提示: messages 字段格式非法。
2025-11-15 18:24:30.040 | WARNING  | __src__agent__text2sql_agent:invoke:112 - 无法解析用户问题，使用默认提示: messages 字段格式非法。
2025-11-15 18:24:35.043 | WARNING  | __src__agent__text2sql_agent:invoke:112 - 无法解析用户问题，使用默认提示: messages 字段格式非法。
2025-11-15 18:26:35.500 | INFO     | __src__agent__text2sql_agent:_load_schema:206 - 从数据库载入表结构信息 (限制表: 全部表).
2025-11-15 18:26:45.715 | INFO     | agent.text2sql_agent:_load_schema:206 - 从数据库载入表结构信息 (限制表: 全部表).
2025-11-15 18:26:45.768 | INFO     | agent.text2sql_agent:generate_sql:87 - 开始生成 SQL，用户问题：测试
2025-11-15 18:26:47.263 | INFO     | agent.text2sql_agent:generate_sql:94 - 已生成合规 SQL: SELECT 1  LIMIT 100
2025-11-15 18:26:47.264 | INFO     | agent.database:run_query:73 - 执行查询: SELECT 1  LIMIT 100
2025-11-15 18:26:47.268 | INFO     | agent.database:run_query:81 - 查询完成，共返回 1 行。
2025-11-15 18:27:24.072 | WARNING  | __src__agent__text2sql_agent:invoke:113 - 无法解析用户问题，使用默认提示: messages 字段格式非法。
2025-11-15 18:27:24.074 | WARNING  | __src__agent__text2sql_agent:invoke:113 - 无法解析用户问题，使用默认提示: messages 字段格式非法。
2025-11-15 18:27:26.036 | WARNING  | __src__agent__text2sql_agent:invoke:113 - 无法解析用户问题，使用默认提示: messages 字段格式非法。
2025-11-15 18:27:26.038 | WARNING  | __src__agent__text2sql_agent:invoke:113 - 无法解析用户问题，使用默认提示: messages 字段格式非法。
2025-11-15 18:27:30.577 | INFO     | __src__agent__text2sql_agent:_load_schema:206 - 从数据库载入表结构信息 (限制表: 全部表).
2025-11-15 18:27:31.008 | WARNING  | __src__agent__text2sql_agent:invoke:113 - 无法解析用户问题，使用默认提示: messages 字段格式非法。
2025-11-15 18:27:31.010 | WARNING  | __src__agent__text2sql_agent:invoke:113 - 无法解析用户问题，使用默认提示: messages 字段格式非法。
2025-11-15 18:27:33.550 | WARNING  | __src__agent__text2sql_agent:invoke:113 - 无法解析用户问题，使用默认提示: messages 字段格式非法。
2025-11-15 18:27:33.597 | WARNING  | __src__agent__text2sql_agent:invoke:113 - 无法解析用户问题，使用默认提示: messages 字段格式非法。
2025-11-15 18:27:33.599 | WARNING  | __src__agent__text2sql_agent:invoke:113 - 无法解析用户问题，使用默认提示: messages 字段格式非法。
2025-11-15 18:27:34.405 | WARNING  | __src__agent__text2sql_agent:invoke:113 - 无法解析用户问题，使用默认提示: messages 字段格式非法。
2025-11-15 18:27:34.409 | WARNING  | __src__agent__text2sql_agent:invoke:113 - 无法解析用户问题，使用默认提示: messages 字段格式非法。
2025-11-15 18:27:34.437 | WARNING  | __src__agent__text2sql_agent:invoke:113 - 无法解析用户问题，使用默认提示: messages 字段格式非法。
2025-11-15 18:27:34.438 | WARNING  | __src__agent__text2sql_agent:invoke:113 - 无法解析用户问题，使用默认提示: messages 字段格式非法。
2025-11-15 18:27:35.059 | WARNING  | __src__agent__text2sql_agent:invoke:113 - 无法解析用户问题，使用默认提示: messages 字段格式非法。
2025-11-15 18:27:35.420 | WARNING  | __src__agent__text2sql_agent:invoke:113 - 无法解析用户问题，使用默认提示: messages 字段格式非法。
2025-11-15 18:27:35.465 | WARNING  | __src__agent__text2sql_agent:invoke:113 - 无法解析用户问题，使用默认提示: messages 字段格式非法。
2025-11-15 18:27:35.779 | WARNING  | __src__agent__text2sql_agent:invoke:113 - 无法解析用户问题，使用默认提示: messages 字段格式非法。
2025-11-15 18:27:35.989 | WARNING  | __src__agent__text2sql_agent:invoke:113 - 无法解析用户问题，使用默认提示: messages 字段格式非法。
2025-11-15 18:27:36.347 | WARNING  | __src__agent__text2sql_agent:invoke:113 - 无法解析用户问题，使用默认提示: messages 字段格式非法。
2025-11-15 18:27:37.494 | WARNING  | __src__agent__text2sql_agent:invoke:113 - 无法解析用户问题，使用默认提示: messages 字段格式非法。
2025-11-15 18:27:37.833 | WARNING  | __src__agent__text2sql_agent:invoke:113 - 无法解析用户问题，使用默认提示: messages 字段格式非法。
2025-11-15 18:27:38.178 | WARNING  | __src__agent__text2sql_agent:invoke:113 - 无法解析用户问题，使用默认提示: messages 字段格式非法。
2025-11-15 18:27:39.040 | WARNING  | __src__agent__text2sql_agent:invoke:113 - 无法解析用户问题，使用默认提示: messages 字段格式非法。
2025-11-15 18:27:39.044 | WARNING  | __src__agent__text2sql_agent:invoke:113 - 无法解析用户问题，使用默认提示: messages 字段格式非法。
2025-11-15 18:27:40.056 | WARNING  | __src__agent__text2sql_agent:invoke:113 - 无法解析用户问题，使用默认提示: messages 字段格式非法。
2025-11-15 18:27:43.040 | WARNING  | __src__agent__text2sql_agent:invoke:113 - 无法解析用户问题，使用默认提示: messages 字段格式非法。
2025-11-15 18:27:43.043 | WARNING  | __src__agent__text2sql_agent:invoke:113 - 无法解析用户问题，使用默认提示: messages 字段格式非法。
2025-11-15 18:27:44.040 | WARNING  | __src__agent__text2sql_agent:invoke:113 - 无法解析用户问题，使用默认提示: messages 字段格式非法。
2025-11-15 18:27:44.042 | WARNING  | __src__agent__text2sql_agent:invoke:113 - 无法解析用户问题，使用默认提示: messages 字段格式非法。
2025-11-15 18:27:45.040 | WARNING  | __src__agent__text2sql_agent:invoke:113 - 无法解析用户问题，使用默认提示: messages 字段格式非法。
2025-11-15 18:27:48.048 | WARNING  | __src__agent__text2sql_agent:invoke:113 - 无法解析用户问题，使用默认提示: messages 字段格式非法。
2025-11-15 18:27:53.040 | WARNING  | __src__agent__text2sql_agent:invoke:113 - 无法解析用户问题，使用默认提示: messages 字段格式非法。
2025-11-15 18:27:54.032 | WARNING  | __src__agent__text2sql_agent:invoke:113 - 无法解析用户问题，使用默认提示: messages 字段格式非法。
2025-11-15 18:27:55.071 | WARNING  | __src__agent__text2sql_agent:invoke:113 - 无法解析用户问题，使用默认提示: messages 字段格式非法。
2025-11-15 18:27:55.073 | WARNING  | __src__agent__text2sql_agent:invoke:113 - 无法解析用户问题，使用默认提示: messages 字段格式非法。
2025-11-15 18:27:59.046 | WARNING  | __src__agent__text2sql_agent:invoke:113 - 无法解析用户问题，使用默认提示: messages 字段格式非法。
2025-11-15 18:28:03.044 | WARNING  | __src__agent__text2sql_agent:invoke:113 - 无法解析用户问题，使用默认提示: messages 字段格式非法。
2025-11-15 18:28:17.392 | INFO     | __src__agent__text2sql_agent:_load_schema:208 - 从数据库载入表结构信息 (限制表: 全部表).
2025-11-15 18:28:26.238 | INFO     | __src__agent__text2sql_agent:_load_schema:208 - 从数据库载入表结构信息 (限制表: 全部表).
2025-11-15 18:28:27.054 | WARNING  | __src__agent__text2sql_agent:invoke:113 - 无法解析用户问题，使用默认提示: messages 中缺少用户问题，请至少发送一条 user 消息。
2025-11-15 18:28:27.061 | WARNING  | __src__agent__text2sql_agent:invoke:113 - 无法解析用户问题，使用默认提示: messages 中缺少用户问题，请至少发送一条 user 消息。
2025-11-15 18:28:29.123 | WARNING  | __src__agent__text2sql_agent:invoke:113 - 无法解析用户问题，使用默认提示: messages 中缺少用户问题，请至少发送一条 user 消息。
2025-11-15 18:28:29.176 | WARNING  | __src__agent__text2sql_agent:invoke:113 - 无法解析用户问题，使用默认提示: messages 中缺少用户问题，请至少发送一条 user 消息。
2025-11-15 18:28:29.177 | WARNING  | __src__agent__text2sql_agent:invoke:113 - 无法解析用户问题，使用默认提示: messages 中缺少用户问题，请至少发送一条 user 消息。
2025-11-15 18:28:29.733 | WARNING  | __src__agent__text2sql_agent:invoke:113 - 无法解析用户问题，使用默认提示: messages 中缺少用户问题，请至少发送一条 user 消息。
2025-11-15 18:28:29.736 | WARNING  | __src__agent__text2sql_agent:invoke:113 - 无法解析用户问题，使用默认提示: messages 中缺少用户问题，请至少发送一条 user 消息。
2025-11-15 18:28:29.765 | WARNING  | __src__agent__text2sql_agent:invoke:113 - 无法解析用户问题，使用默认提示: messages 中缺少用户问题，请至少发送一条 user 消息。
2025-11-15 18:28:29.769 | WARNING  | __src__agent__text2sql_agent:invoke:113 - 无法解析用户问题，使用默认提示: messages 中缺少用户问题，请至少发送一条 user 消息。
2025-11-15 18:28:30.364 | WARNING  | __src__agent__text2sql_agent:invoke:113 - 无法解析用户问题，使用默认提示: messages 中缺少用户问题，请至少发送一条 user 消息。
2025-11-15 18:28:30.918 | WARNING  | __src__agent__text2sql_agent:invoke:113 - 无法解析用户问题，使用默认提示: messages 中缺少用户问题，请至少发送一条 user 消息。
2025-11-15 18:28:30.995 | WARNING  | __src__agent__text2sql_agent:invoke:113 - 无法解析用户问题，使用默认提示: messages 中缺少用户问题，请至少发送一条 user 消息。
2025-11-15 18:28:31.443 | WARNING  | __src__agent__text2sql_agent:invoke:113 - 无法解析用户问题，使用默认提示: messages 中缺少用户问题，请至少发送一条 user 消息。
2025-11-15 18:28:31.529 | WARNING  | __src__agent__text2sql_agent:invoke:113 - 无法解析用户问题，使用默认提示: messages 中缺少用户问题，请至少发送一条 user 消息。
2025-11-15 18:28:31.595 | WARNING  | __src__agent__text2sql_agent:invoke:113 - 无法解析用户问题，使用默认提示: messages 中缺少用户问题，请至少发送一条 user 消息。
2025-11-15 18:28:33.048 | WARNING  | __src__agent__text2sql_agent:invoke:113 - 无法解析用户问题，使用默认提示: messages 中缺少用户问题，请至少发送一条 user 消息。
2025-11-15 18:28:34.045 | WARNING  | __src__agent__text2sql_agent:invoke:113 - 无法解析用户问题，使用默认提示: messages 中缺少用户问题，请至少发送一条 user 消息。
2025-11-15 18:28:34.048 | WARNING  | __src__agent__text2sql_agent:invoke:113 - 无法解析用户问题，使用默认提示: messages 中缺少用户问题，请至少发送一条 user 消息。
2025-11-15 18:28:34.050 | WARNING  | __src__agent__text2sql_agent:invoke:113 - 无法解析用户问题，使用默认提示: messages 中缺少用户问题，请至少发送一条 user 消息。
2025-11-15 18:28:34.055 | WARNING  | __src__agent__text2sql_agent:invoke:113 - 无法解析用户问题，使用默认提示: messages 中缺少用户问题，请至少发送一条 user 消息。
2025-11-15 18:28:34.058 | WARNING  | __src__agent__text2sql_agent:invoke:113 - 无法解析用户问题，使用默认提示: messages 中缺少用户问题，请至少发送一条 user 消息。
2025-11-15 18:28:38.822 | WARNING  | __src__agent__text2sql_agent:invoke:113 - 无法解析用户问题，使用默认提示: messages 中缺少用户问题，请至少发送一条 user 消息。
2025-11-15 18:28:40.062 | WARNING  | __src__agent__text2sql_agent:invoke:113 - 无法解析用户问题，使用默认提示: messages 中缺少用户问题，请至少发送一条 user 消息。
2025-11-15 18:28:41.048 | WARNING  | __src__agent__text2sql_agent:invoke:113 - 无法解析用户问题，使用默认提示: messages 中缺少用户问题，请至少发送一条 user 消息。
2025-11-15 18:28:41.050 | WARNING  | __src__agent__text2sql_agent:invoke:113 - 无法解析用户问题，使用默认提示: messages 中缺少用户问题，请至少发送一条 user 消息。
2025-11-15 18:28:42.042 | WARNING  | __src__agent__text2sql_agent:invoke:113 - 无法解析用户问题，使用默认提示: messages 中缺少用户问题，请至少发送一条 user 消息。
2025-11-15 18:28:42.051 | WARNING  | __src__agent__text2sql_agent:invoke:113 - 无法解析用户问题，使用默认提示: messages 中缺少用户问题，请至少发送一条 user 消息。
2025-11-15 18:28:51.038 | WARNING  | __src__agent__text2sql_agent:invoke:113 - 无法解析用户问题，使用默认提示: messages 中缺少用户问题，请至少发送一条 user 消息。
2025-11-15 18:28:51.039 | WARNING  | __src__agent__text2sql_agent:invoke:113 - 无法解析用户问题，使用默认提示: messages 中缺少用户问题，请至少发送一条 user 消息。
2025-11-15 18:28:52.052 | WARNING  | __src__agent__text2sql_agent:invoke:113 - 无法解析用户问题，使用默认提示: messages 中缺少用户问题，请至少发送一条 user 消息。
2025-11-15 18:28:52.054 | WARNING  | __src__agent__text2sql_agent:invoke:113 - 无法解析用户问题，使用默认提示: messages 中缺少用户问题，请至少发送一条 user 消息。
2025-11-15 18:28:53.705 | WARNING  | __src__agent__text2sql_agent:invoke:113 - 无法解析用户问题，使用默认提示: messages 中缺少用户问题，请至少发送一条 user 消息。
2025-11-15 18:28:53.706 | WARNING  | __src__agent__text2sql_agent:invoke:113 - 无法解析用户问题，使用默认提示: messages 中缺少用户问题，请至少发送一条 user 消息。
2025-11-15 18:28:53.710 | WARNING  | __src__agent__text2sql_agent:invoke:113 - 无法解析用户问题，使用默认提示: messages 中缺少用户问题，请至少发送一条 user 消息。
2025-11-15 18:28:54.613 | WARNING  | __src__agent__text2sql_agent:invoke:113 - 无法解析用户问题，使用默认提示: messages 中缺少用户问题，请至少发送一条 user 消息。
2025-11-15 18:28:55.329 | WARNING  | __src__agent__text2sql_agent:invoke:113 - 无法解析用户问题，使用默认提示: messages 中缺少用户问题，请至少发送一条 user 消息。
2025-11-15 18:28:55.454 | WARNING  | __src__agent__text2sql_agent:invoke:113 - 无法解析用户问题，使用默认提示: messages 中缺少用户问题，请至少发送一条 user 消息。
2025-11-15 18:28:58.039 | WARNING  | __src__agent__text2sql_agent:invoke:113 - 无法解析用户问题，使用默认提示: messages 中缺少用户问题，请至少发送一条 user 消息。
2025-11-15 18:28:59.054 | WARNING  | __src__agent__text2sql_agent:invoke:113 - 无法解析用户问题，使用默认提示: messages 中缺少用户问题，请至少发送一条 user 消息。
2025-11-15 18:29:05.043 | WARNING  | __src__agent__text2sql_agent:invoke:113 - 无法解析用户问题，使用默认提示: messages 中缺少用户问题，请至少发送一条 user 消息。
2025-11-15 18:29:05.048 | WARNING  | __src__agent__text2sql_agent:invoke:113 - 无法解析用户问题，使用默认提示: messages 中缺少用户问题，请至少发送一条 user 消息。
2025-11-15 18:29:15.080 | WARNING  | __src__agent__text2sql_agent:invoke:113 - 无法解析用户问题，使用默认提示: messages 中缺少用户问题，请至少发送一条 user 消息。
2025-11-15 18:29:19.495 | WARNING  | __src__agent__text2sql_agent:invoke:113 - 无法解析用户问题，使用默认提示: messages 中缺少用户问题，请至少发送一条 user 消息。
2025-11-15 18:29:38.193 | INFO     | __src__agent__text2sql_agent:_load_schema:206 - 从数据库载入表结构信息 (限制表: 全部表).
2025-11-15 18:30:40.018 | INFO     | __src__agent__text2sql_agent:_load_schema:206 - 从数据库载入表结构信息 (限制表: 全部表).
2025-11-15 18:31:54.617 | INFO     | __src__agent__text2sql_agent:_load_schema:209 - 从数据库载入表结构信息 (限制表: 全部表).
2025-11-15 18:32:09.316 | INFO     | __src__agent__text2sql_agent:_load_schema:212 - 从数据库载入表结构信息 (限制表: 全部表).
2025-11-15 18:32:20.933 | INFO     | __src__agent__text2sql_agent:_load_schema:216 - 从数据库载入表结构信息 (限制表: 全部表).
2025-11-15 18:32:30.996 | INFO     | __src__agent__text2sql_agent:_load_schema:216 - 从数据库载入表结构信息 (限制表: 全部表).
2025-11-15 18:32:47.406 | INFO     | agent.text2sql_agent:_load_schema:216 - 从数据库载入表结构信息 (限制表: 全部表).
2025-11-15 18:33:05.965 | INFO     | __src__agent__text2sql_agent:generate_sql:90 - 开始生成 SQL，用户问题：告诉我orders表里面有多少数据
2025-11-15 18:33:07.798 | INFO     | __src__agent__text2sql_agent:generate_sql:97 - 已生成合规 SQL: SELECT COUNT(*) FROM orders LIMIT 1
2025-11-15 18:33:07.801 | INFO     | agent.database:run_query:73 - 执行查询: SELECT COUNT(*) FROM orders LIMIT 1
2025-11-15 18:33:07.858 | INFO     | agent.database:run_query:81 - 查询完成，共返回 1 行。
